Request method:	GET
Request URI:	https://petstore.swagger.io/v2/pet/9404
Proxy:			<none>
Request params:	<none>
Query params:	<none>
Form params:	<none>
Path params:	petId=9404
Headers:		Accept=*/*
Cookies:		<none>
Multiparts:		<none>
Body:			<none>
HTTP/1.1 200 OK
Date: Tue, 04 Nov 2025 06:25:01 GMT
Content-Type: application/json
Transfer-Encoding: chunked
Connection: keep-alive
Access-Control-Allow-Origin: *
Access-Control-Allow-Methods: GET, POST, DELETE, PUT
Access-Control-Allow-Headers: Content-Type, api_key, Authorization
Server: Jetty(9.2.9.v20150224)

{
    "id": 9404,
    "category": {
        "id": 10,
        "name": "string"
    },
    "name": "doggie",
    "photoUrls": [
        "string",
        "string"
    ],
    "tags": [
        {
            "id": 4548,
            "name": "string"
        },
        {
            "id": 1135,
            "name": "string"
        }
    ],
    "status": "available"
}
